This file contains any messages produced by compilers while
running configure, to aid debugging if configure makes a mistake.

It was created by v4l2grab configure 0.4.1-19-gf8d8844, which was
generated by GNU Autoconf 2.69.  Invocation command line was

  $ ./configure 

## --------- ##
## Platform. ##
## --------- ##

hostname = lime-ThinkPad-T450
uname -m = x86_64
uname -r = 5.13.0-48-generic
uname -s = Linux
uname -v = #54~20.04.1-Ubuntu SMP Thu Jun 2 23:37:17 UTC 2022

/usr/bin/uname -p = x86_64
/bin/uname -X     = unknown

/bin/arch              = x86_64
/usr/bin/arch -k       = unknown
/usr/convex/getsysinfo = unknown
/usr/bin/hostinfo      = unknown
/bin/machine           = unknown
/usr/bin/oslevel       = unknown
/bin/universe          = unknown

PATH: /usr/local/sbin
PATH: /usr/local/bin
PATH: /usr/sbin
PATH: /usr/bin
PATH: /sbin
PATH: /bin
PATH: /usr/games
PATH: /usr/local/games
PATH: /snap/bin


## ----------- ##
## Core tests. ##
## ----------- ##

configure:2252: checking for a BSD-compatible install
configure:2320: result: /usr/bin/install -c
configure:2331: checking whether build environment is sane
configure:2386: result: yes
configure:2535: checking for a thread-safe mkdir -p
configure:2574: result: /usr/bin/mkdir -p
configure:2581: checking for gawk
configure:2597: found /usr/bin/gawk
configure:2608: result: gawk
configure:2619: checking whether make sets $(MAKE)
configure:2641: result: yes
configure:2670: checking whether make supports nested variables
configure:2687: result: yes
configure:2869: checking for gcc
configure:2885: found /usr/bin/gcc
configure:2896: result: gcc
configure:3125: checking for C compiler version
configure:3134: gcc --version >&5
gcc (Ubuntu 9.4.0-1ubuntu1~20.04.1) 9.4.0
Copyright (C) 2019 Free Software Foundation, Inc.
This is free software; see the source for copying conditions.  There is NO
warranty; not even for MERCHANTABILITY or FITNESS FOR A PARTICULAR PURPOSE.

configure:3145: $? = 0
configure:3134: gcc -v >&5
Using built-in specs.
COLLECT_GCC=gcc
COLLECT_LTO_WRAPPER=/usr/lib/gcc/x86_64-linux-gnu/9/lto-wrapper
OFFLOAD_TARGET_NAMES=nvptx-none:hsa
OFFLOAD_TARGET_DEFAULT=1
Target: x86_64-linux-gnu
Configured with: ../src/configure -v --with-pkgversion='Ubuntu 9.4.0-1ubuntu1~20.04.1' --with-bugurl=file:///usr/share/doc/gcc-9/README.Bugs --enable-languages=c,ada,c++,go,brig,d,fortran,objc,obj-c++,gm2 --prefix=/usr --with-gcc-major-version-only --program-suffix=-9 --program-prefix=x86_64-linux-gnu- --enable-shared --enable-linker-build-id --libexecdir=/usr/lib --without-included-gettext --enable-threads=posix --libdir=/usr/lib --enable-nls --enable-clocale=gnu --enable-libstdcxx-debug --enable-libstdcxx-time=yes --with-default-libstdcxx-abi=new --enable-gnu-unique-object --disable-vtable-verify --enable-plugin --enable-default-pie --with-system-zlib --with-target-system-zlib=auto --enable-objc-gc=auto --enable-multiarch --disable-werror --with-arch-32=i686 --with-abi=m64 --with-multilib-list=m32,m64,mx32 --enable-multilib --with-tune=generic --enable-offload-targets=nvptx-none=/build/gcc-9-Av3uEd/gcc-9-9.4.0/debian/tmp-nvptx/usr,hsa --without-cuda-driver --enable-checking=release --build=x86_64-linux-gnu --host=x86_64-linux-gnu --target=x86_64-linux-gnu
Thread model: posix
gcc version 9.4.0 (Ubuntu 9.4.0-1ubuntu1~20.04.1) 
configure:3145: $? = 0
configure:3134: gcc -V >&5
gcc: error: unrecognized command line option '-V'
gcc: fatal error: no input files
compilation terminated.
configure:3145: $? = 1
configure:3134: gcc -qversion >&5
gcc: error: unrecognized command line option '-qversion'; did you mean '--version'?
gcc: fatal error: no input files
compilation terminated.
configure:3145: $? = 1
configure:3165: checking whether the C compiler works
configure:3187: gcc    conftest.c  >&5
configure:3191: $? = 0
configure:3239: result: yes
configure:3242: checking for C compiler default output file name
configure:3244: result: a.out
configure:3250: checking for suffix of executables
configure:3257: gcc -o conftest    conftest.c  >&5
configure:3261: $? = 0
configure:3283: result: 
configure:3305: checking whether we are cross compiling
configure:3313: gcc -o conftest    conftest.c  >&5
configure:3317: $? = 0
configure:3324: ./conftest
configure:3328: $? = 0
configure:3316: result: no
configure:3321: checking for suffix of object files
configure:3343: gcc -c   conftest.c >&5
configure:3347: $? = 0
configure:3368: result: o
configure:3372: checking whether we are using the GNU C compiler
configure:3391: gcc -c   conftest.c >&5
configure:3391: $? = 0
configure:3400: result: yes
configure:3409: checking whether gcc accepts -g
configure:3429: gcc -c -g  conftest.c >&5
configure:3429: $? = 0
configure:3470: result: yes
configure:3487: checking for gcc option to accept ISO C89
configure:3550: gcc  -c -g -O2  conftest.c >&5
configure:3550: $? = 0
configure:3563: result: none needed
configure:3588: checking whether gcc understands -c and -o together
configure:3610: gcc -c conftest.c -o conftest2.o
configure:3613: $? = 0
configure:3610: gcc -c conftest.c -o conftest2.o
configure:3613: $? = 0
configure:3625: result: yes
configure:3645: checking whether make supports the include directive
configure:3660: make -f confmf.GNU && cat confinc.out
this is the am__doit target
configure:3663: $? = 0
configure:3682: result: yes (GNU style)
configure:3707: checking dependency style of gcc
configure:3818: result: gcc3
configure:3836: checking for jpeg_start_compress in -ljpeg
configure:3861: gcc -o conftest -g -O2   conftest.c -ljpeg   >&5
configure:3861: $? = 0
configure:3870: result: yes
configure:3881: checking for v4l2_open in -lv4l2
configure:3906: gcc -o conftest -g -O2   conftest.c -lv4l2  -ljpeg  >&5
configure:3906: $? = 0
configure:3915: result: yes
configure:3926: checking for library containing clock_gettime
configure:3957: gcc -o conftest -g -O2   conftest.c -lv4l2 -ljpeg  >&5
configure:3957: $? = 0
configure:3974: result: none required
configure:3991: checking how to run the C preprocessor
configure:4022: gcc -E  conftest.c
configure:4022: $? = 0
configure:4036: gcc -E  conftest.c
conftest.c:13:10: fatal error: ac_nonexistent.h: No such file or directory
   13 | #include <ac_nonexistent.h>
      |          ^~~~~~~~~~~~~~~~~~
compilation terminated.
configure:4036: $? = 1
configure: failed program was:
| /* confdefs.h */
| #define PACKAGE_NAME "v4l2grab"
| #define PACKAGE_TARNAME "v4l2grab"
| #define PACKAGE_VERSION "0.4.1-19-gf8d8844"
| #define PACKAGE_STRING "v4l2grab 0.4.1-19-gf8d8844"
| #define PACKAGE_BUGREPORT "Tobias_Mueller@twam.info"
| #define PACKAGE_URL ""
| #define PACKAGE "v4l2grab"
| #define VERSION "0.4.1-19-gf8d8844"
| #define HAVE_LIBJPEG 1
| #define HAVE_LIBV4L2 1
| /* end confdefs.h.  */
| #include <ac_nonexistent.h>
configure:4061: result: gcc -E
configure:4081: gcc -E  conftest.c
configure:4081: $? = 0
configure:4095: gcc -E  conftest.c
conftest.c:13:10: fatal error: ac_nonexistent.h: No such file or directory
   13 | #include <ac_nonexistent.h>
      |          ^~~~~~~~~~~~~~~~~~
compilation terminated.
configure:4095: $? = 1
configure: failed program was:
| /* confdefs.h */
| #define PACKAGE_NAME "v4l2grab"
| #define PACKAGE_TARNAME "v4l2grab"
| #define PACKAGE_VERSION "0.4.1-19-gf8d8844"
| #define PACKAGE_STRING "v4l2grab 0.4.1-19-gf8d8844"
| #define PACKAGE_BUGREPORT "Tobias_Mueller@twam.info"
| #define PACKAGE_URL ""
| #define PACKAGE "v4l2grab"
| #define VERSION "0.4.1-19-gf8d8844"
| #define HAVE_LIBJPEG 1
| #define HAVE_LIBV4L2 1
| /* end confdefs.h.  */
| #include <ac_nonexistent.h>
configure:4124: checking for grep that handles long lines and -e
configure:4182: result: /usr/bin/grep
configure:4187: checking for egrep
configure:4249: result: /usr/bin/grep -E
configure:4254: checking for ANSI C header files
configure:4274: gcc -c -g -O2  conftest.c >&5
configure:4274: $? = 0
configure:4347: gcc -o conftest -g -O2   conftest.c -lv4l2 -ljpeg  >&5
configure:4347: $? = 0
configure:4347: ./conftest
configure:4347: $? = 0
configure:4358: result: yes
configure:4371: checking for sys/types.h
configure:4371: gcc -c -g -O2  conftest.c >&5
configure:4371: $? = 0
configure:4371: result: yes
configure:4371: checking for sys/stat.h
configure:4371: gcc -c -g -O2  conftest.c >&5
configure:4371: $? = 0
configure:4371: result: yes
configure:4371: checking for stdlib.h
configure:4371: gcc -c -g -O2  conftest.c >&5
configure:4371: $? = 0
configure:4371: result: yes
configure:4371: checking for string.h
configure:4371: gcc -c -g -O2  conftest.c >&5
configure:4371: $? = 0
configure:4371: result: yes
configure:4371: checking for memory.h
configure:4371: gcc -c -g -O2  conftest.c >&5
configure:4371: $? = 0
configure:4371: result: yes
configure:4371: checking for strings.h
configure:4371: gcc -c -g -O2  conftest.c >&5
configure:4371: $? = 0
configure:4371: result: yes
configure:4371: checking for inttypes.h
configure:4371: gcc -c -g -O2  conftest.c >&5
configure:4371: $? = 0
configure:4371: result: yes
configure:4371: checking for stdint.h
configure:4371: gcc -c -g -O2  conftest.c >&5
configure:4371: $? = 0
configure:4371: result: yes
configure:4371: checking for unistd.h
configure:4371: gcc -c -g -O2  conftest.c >&5
configure:4371: $? = 0
configure:4371: result: yes
configure:4386: checking fcntl.h usability
configure:4386: gcc -c -g -O2  conftest.c >&5
configure:4386: $? = 0
configure:4386: result: yes
configure:4386: checking fcntl.h presence
configure:4386: gcc -E  conftest.c
configure:4386: $? = 0
configure:4386: result: yes
configure:4386: checking for fcntl.h
configure:4386: result: yes
configure:4386: checking malloc.h usability
configure:4386: gcc -c -g -O2  conftest.c >&5
configure:4386: $? = 0
configure:4386: result: yes
configure:4386: checking malloc.h presence
configure:4386: gcc -E  conftest.c
configure:4386: $? = 0
configure:4386: result: yes
configure:4386: checking for malloc.h
configure:4386: result: yes
configure:4386: checking for stdlib.h
configure:4386: result: yes
configure:4386: checking for string.h
configure:4386: result: yes
configure:4386: checking sys/ioctl.h usability
configure:4386: gcc -c -g -O2  conftest.c >&5
configure:4386: $? = 0
configure:4386: result: yes
configure:4386: checking sys/ioctl.h presence
configure:4386: gcc -E  conftest.c
configure:4386: $? = 0
configure:4386: result: yes
configure:4386: checking for sys/ioctl.h
configure:4386: result: yes
configure:4386: checking sys/time.h usability
configure:4386: gcc -c -g -O2  conftest.c >&5
configure:4386: $? = 0
configure:4386: result: yes
configure:4386: checking sys/time.h presence
configure:4386: gcc -E  conftest.c
configure:4386: $? = 0
configure:4386: result: yes
configure:4386: checking for sys/time.h
configure:4386: result: yes
configure:4386: checking for unistd.h
configure:4386: result: yes
configure:4398: checking for size_t
configure:4398: gcc -c -g -O2  conftest.c >&5
configure:4398: $? = 0
configure:4398: gcc -c -g -O2  conftest.c >&5
conftest.c: In function 'main':
conftest.c:66:21: error: expected expression before ')' token
   66 | if (sizeof ((size_t)))
      |                     ^
configure:4398: $? = 1
configure: failed program was:
| /* confdefs.h */
| #define PACKAGE_NAME "v4l2grab"
| #define PACKAGE_TARNAME "v4l2grab"
| #define PACKAGE_VERSION "0.4.1-19-gf8d8844"
| #define PACKAGE_STRING "v4l2grab 0.4.1-19-gf8d8844"
| #define PACKAGE_BUGREPORT "Tobias_Mueller@twam.info"
| #define PACKAGE_URL ""
| #define PACKAGE "v4l2grab"
| #define VERSION "0.4.1-19-gf8d8844"
| #define HAVE_LIBJPEG 1
| #define HAVE_LIBV4L2 1
| #define STDC_HEADERS 1
| #define HAVE_SYS_TYPES_H 1
| #define HAVE_SYS_STAT_H 1
| #define HAVE_STDLIB_H 1
| #define HAVE_STRING_H 1
| #define HAVE_MEMORY_H 1
| #define HAVE_STRINGS_H 1
| #define HAVE_INTTYPES_H 1
| #define HAVE_STDINT_H 1
| #define HAVE_UNISTD_H 1
| #define HAVE_FCNTL_H 1
| #define HAVE_MALLOC_H 1
| #define HAVE_STDLIB_H 1
| #define HAVE_STRING_H 1
| #define HAVE_SYS_IOCTL_H 1
| #define HAVE_SYS_TIME_H 1
| #define HAVE_UNISTD_H 1
| /* end confdefs.h.  */
| #include <stdio.h>
| #ifdef HAVE_SYS_TYPES_H
| # include <sys/types.h>
| #endif
| #ifdef HAVE_SYS_STAT_H
| # include <sys/stat.h>
| #endif
| #ifdef STDC_HEADERS
| # include <stdlib.h>
| # include <stddef.h>
| #else
| # ifdef HAVE_STDLIB_H
| #  include <stdlib.h>
| # endif
| #endif
| #ifdef HAVE_STRING_H
| # if !defined STDC_HEADERS && defined HAVE_MEMORY_H
| #  include <memory.h>
| # endif
| # include <string.h>
| #endif
| #ifdef HAVE_STRINGS_H
| # include <strings.h>
| #endif
| #ifdef HAVE_INTTYPES_H
| # include <inttypes.h>
| #endif
| #ifdef HAVE_STDINT_H
| # include <stdint.h>
| #endif
| #ifdef HAVE_UNISTD_H
| # include <unistd.h>
| #endif
| int
| main ()
| {
| if (sizeof ((size_t)))
| 	    return 0;
|   ;
|   return 0;
| }
configure:4398: result: yes
configure:4413: checking for stdlib.h
configure:4413: result: yes
configure:4423: checking for GNU libc compatible malloc
configure:4447: gcc -o conftest -g -O2   conftest.c -lv4l2 -ljpeg  >&5
configure:4447: $? = 0
configure:4447: ./conftest
configure:4447: $? = 0
configure:4457: result: yes
configure:4481: checking for getpagesize
configure:4481: gcc -o conftest -g -O2   conftest.c -lv4l2 -ljpeg  >&5
configure:4481: $? = 0
configure:4481: result: yes
configure:4481: checking for select
configure:4481: gcc -o conftest -g -O2   conftest.c -lv4l2 -ljpeg  >&5
configure:4481: $? = 0
configure:4481: result: yes
configure:4481: checking for strerror
configure:4481: gcc -o conftest -g -O2   conftest.c -lv4l2 -ljpeg  >&5
configure:4481: $? = 0
configure:4481: result: yes
configure:4492: checking for clock_gettime
configure:4492: gcc -o conftest -g -O2   conftest.c -lv4l2 -ljpeg  >&5
configure:4492: $? = 0
configure:4492: result: yes
configure:4603: checking that generated files are newer than configure
configure:4609: result: done
configure:4632: creating ./config.status

## ---------------------- ##
## Running config.status. ##
## ---------------------- ##

This file was extended by v4l2grab config.status 0.4.1-19-gf8d8844, which was
generated by GNU Autoconf 2.69.  Invocation command line was

  CONFIG_FILES    = 
  CONFIG_HEADERS  = 
  CONFIG_LINKS    = 
  CONFIG_COMMANDS = 
  $ ./config.status 

on lime-ThinkPad-T450

config.status:864: creating Makefile
config.status:864: creating config.h
config.status:1093: executing depfiles commands
config.status:1170: cd .       && sed -e '/# am--include-marker/d' Makefile         | make -f - am--depfiles
config.status:1175: $? = 0

## ---------------- ##
## Cache variables. ##
## ---------------- ##

ac_cv_c_compiler_gnu=yes
ac_cv_env_CC_set=
ac_cv_env_CC_value=
ac_cv_env_CFLAGS_set=
ac_cv_env_CFLAGS_value=
ac_cv_env_CPPFLAGS_set=
ac_cv_env_CPPFLAGS_value=
ac_cv_env_CPP_set=
ac_cv_env_CPP_value=
ac_cv_env_LDFLAGS_set=
ac_cv_env_LDFLAGS_value=
ac_cv_env_LIBS_set=
ac_cv_env_LIBS_value=
ac_cv_env_build_alias_set=
ac_cv_env_build_alias_value=
ac_cv_env_host_alias_set=
ac_cv_env_host_alias_value=
ac_cv_env_target_alias_set=
ac_cv_env_target_alias_value=
ac_cv_func_clock_gettime=yes
ac_cv_func_getpagesize=yes
ac_cv_func_malloc_0_nonnull=yes
ac_cv_func_select=yes
ac_cv_func_strerror=yes
ac_cv_header_fcntl_h=yes
ac_cv_header_inttypes_h=yes
ac_cv_header_malloc_h=yes
ac_cv_header_memory_h=yes
ac_cv_header_stdc=yes
ac_cv_header_stdint_h=yes
ac_cv_header_stdlib_h=yes
ac_cv_header_string_h=yes
ac_cv_header_strings_h=yes
ac_cv_header_sys_ioctl_h=yes
ac_cv_header_sys_stat_h=yes
ac_cv_header_sys_time_h=yes
ac_cv_header_sys_types_h=yes
ac_cv_header_unistd_h=yes
ac_cv_lib_jpeg_jpeg_start_compress=yes
ac_cv_lib_v4l2_v4l2_open=yes
ac_cv_objext=o
ac_cv_path_EGREP='/usr/bin/grep -E'
ac_cv_path_GREP=/usr/bin/grep
ac_cv_path_install='/usr/bin/install -c'
ac_cv_path_mkdir=/usr/bin/mkdir
ac_cv_prog_AWK=gawk
ac_cv_prog_CPP='gcc -E'
ac_cv_prog_ac_ct_CC=gcc
ac_cv_prog_cc_c89=
ac_cv_prog_cc_g=yes
ac_cv_prog_make_make_set=yes
ac_cv_search_clock_gettime='none required'
ac_cv_type_size_t=yes
am_cv_CC_dependencies_compiler_type=gcc3
am_cv_make_support_nested_variables=yes
am_cv_prog_cc_c_o=yes

## ----------------- ##
## Output variables. ##
## ----------------- ##

ACLOCAL='${SHELL} "/home/lime/Documents/Project_GUI/GUI WebCam/cam/v4l2grab/missing" aclocal-1.16'
AMDEPBACKSLASH='\'
AMDEP_FALSE='#'
AMDEP_TRUE=''
AMTAR='$${TAR-tar}'
AM_BACKSLASH='\'
AM_DEFAULT_V='$(AM_DEFAULT_VERBOSITY)'
AM_DEFAULT_VERBOSITY='1'
AM_V='$(V)'
AUTOCONF='${SHELL} "/home/lime/Documents/Project_GUI/GUI WebCam/cam/v4l2grab/missing" autoconf'
AUTOHEADER='${SHELL} "/home/lime/Documents/Project_GUI/GUI WebCam/cam/v4l2grab/missing" autoheader'
AUTOMAKE='${SHELL} "/home/lime/Documents/Project_GUI/GUI WebCam/cam/v4l2grab/missing" automake-1.16'
AWK='gawk'
CC='gcc'
CCDEPMODE='depmode=gcc3'
CFLAGS='-g -O2'
CPP='gcc -E'
CPPFLAGS=''
CYGPATH_W='echo'
DEFS='-DHAVE_CONFIG_H'
DEPDIR='.deps'
ECHO_C=''
ECHO_N='-n'
ECHO_T=''
EGREP='/usr/bin/grep -E'
EXEEXT=''
GREP='/usr/bin/grep'
INSTALL_DATA='${INSTALL} -m 644'
INSTALL_PROGRAM='${INSTALL}'
INSTALL_SCRIPT='${INSTALL}'
INSTALL_STRIP_PROGRAM='$(install_sh) -c -s'
LDFLAGS=''
LIBOBJS=''
LIBS='-lv4l2 -ljpeg '
LTLIBOBJS=''
MAKEINFO='${SHELL} "/home/lime/Documents/Project_GUI/GUI WebCam/cam/v4l2grab/missing" makeinfo'
MKDIR_P='/usr/bin/mkdir -p'
OBJEXT='o'
PACKAGE='v4l2grab'
PACKAGE_BUGREPORT='Tobias_Mueller@twam.info'
PACKAGE_NAME='v4l2grab'
PACKAGE_STRING='v4l2grab 0.4.1-19-gf8d8844'
PACKAGE_TARNAME='v4l2grab'
PACKAGE_URL=''
PACKAGE_VERSION='0.4.1-19-gf8d8844'
PATH_SEPARATOR=':'
SET_MAKE=''
SHELL='/bin/bash'
STRIP=''
VERSION='0.4.1-19-gf8d8844'
ac_ct_CC='gcc'
am__EXEEXT_FALSE=''
am__EXEEXT_TRUE='#'
am__fastdepCC_FALSE='#'
am__fastdepCC_TRUE=''
am__include='include'
am__isrc=''
am__leading_dot='.'
am__nodep='_no'
am__quote=''
am__tar='$${TAR-tar} chof - "$$tardir"'
am__untar='$${TAR-tar} xf -'
bindir='${exec_prefix}/bin'
build_alias=''
datadir='${datarootdir}'
datarootdir='${prefix}/share'
docdir='${datarootdir}/doc/${PACKAGE_TARNAME}'
dvidir='${docdir}'
exec_prefix='${prefix}'
host_alias=''
htmldir='${docdir}'
includedir='${prefix}/include'
infodir='${datarootdir}/info'
install_sh='${SHELL} '\''/home/lime/Documents/Project_GUI/GUI WebCam/cam/v4l2grab/install-sh'\'''
libdir='${exec_prefix}/lib'
libexecdir='${exec_prefix}/libexec'
localedir='${datarootdir}/locale'
localstatedir='${prefix}/var'
mandir='${datarootdir}/man'
mkdir_p='$(MKDIR_P)'
oldincludedir='/usr/include'
pdfdir='${docdir}'
prefix='/usr/local'
program_transform_name='s,x,x,'
psdir='${docdir}'
runstatedir='${localstatedir}/run'
sbindir='${exec_prefix}/sbin'
sharedstatedir='${prefix}/com'
sysconfdir='${prefix}/etc'
target_alias=''

## ----------- ##
## confdefs.h. ##
## ----------- ##

/* confdefs.h */
#define PACKAGE_NAME "v4l2grab"
#define PACKAGE_TARNAME "v4l2grab"
#define PACKAGE_VERSION "0.4.1-19-gf8d8844"
#define PACKAGE_STRING "v4l2grab 0.4.1-19-gf8d8844"
#define PACKAGE_BUGREPORT "Tobias_Mueller@twam.info"
#define PACKAGE_URL ""
#define PACKAGE "v4l2grab"
#define VERSION "0.4.1-19-gf8d8844"
#define HAVE_LIBJPEG 1
#define HAVE_LIBV4L2 1
#define STDC_HEADERS 1
#define HAVE_SYS_TYPES_H 1
#define HAVE_SYS_STAT_H 1
#define HAVE_STDLIB_H 1
#define HAVE_STRING_H 1
#define HAVE_MEMORY_H 1
#define HAVE_STRINGS_H 1
#define HAVE_INTTYPES_H 1
#define HAVE_STDINT_H 1
#define HAVE_UNISTD_H 1
#define HAVE_FCNTL_H 1
#define HAVE_MALLOC_H 1
#define HAVE_STDLIB_H 1
#define HAVE_STRING_H 1
#define HAVE_SYS_IOCTL_H 1
#define HAVE_SYS_TIME_H 1
#define HAVE_UNISTD_H 1
#define HAVE_STDLIB_H 1
#define HAVE_MALLOC 1
#define HAVE_GETPAGESIZE 1
#define HAVE_SELECT 1
#define HAVE_STRERROR 1
#define HAVE_CLOCK_GETTIME 1

configure: exit 0
